[2026-04-16 00:17:05] INFO - ============================================================
[2026-04-16 00:17:05] INFO - STEP 1: NON-BERT BASELINES (TextCNN + BiLSTM)
[2026-04-16 00:17:05] INFO - ============================================================
[2026-04-16 00:17:18] INFO - 
############################################################
# DATASET: CROWDFLOWER
############################################################
[2026-04-16 00:17:18] INFO - 
>>> textcnn
[2026-04-16 00:17:18] INFO -   --- Seed 42 ---
[2026-04-16 00:17:53] INFO -   --- Seed 123 ---
[2026-04-16 00:18:26] INFO -   --- Seed 456 ---
[2026-04-16 00:18:55] INFO -   textcnn: F1=0.3579±0.0012
[2026-04-16 00:18:55] INFO - 
>>> bilstm_attention
[2026-04-16 00:18:55] INFO -   --- Seed 42 ---
[2026-04-16 00:20:31] INFO -   --- Seed 123 ---
[2026-04-16 00:21:52] INFO -   --- Seed 456 ---
[2026-04-16 00:23:11] INFO -   bilstm_attention: F1=0.3637±0.0066
[2026-04-16 00:23:11] INFO - 
Saved: ./outputs/step1_baselines_crowdflower.json
[2026-04-16 00:23:11] INFO - 
############################################################
# DATASET: WASSA2017
############################################################
[2026-04-16 00:23:11] INFO - 
>>> textcnn
[2026-04-16 00:23:11] INFO -   --- Seed 42 ---
[2026-04-16 00:23:21] INFO -   --- Seed 123 ---
[2026-04-16 00:23:34] INFO -   --- Seed 456 ---
[2026-04-16 00:23:44] INFO -   textcnn: F1=0.8767±0.0028
[2026-04-16 00:23:44] INFO - 
>>> bilstm_attention
[2026-04-16 00:23:44] INFO -   --- Seed 42 ---
[2026-04-16 00:24:16] INFO -   --- Seed 123 ---
[2026-04-16 00:24:43] INFO -   --- Seed 456 ---
[2026-04-16 00:25:28] INFO -   bilstm_attention: F1=0.8505±0.0031
[2026-04-16 00:25:28] INFO - 
Saved: ./outputs/step1_baselines_wassa2017.json
[2026-04-16 00:25:28] INFO - 
✅ Step 1 complete.
