[2026-04-16 01:40:51] INFO - ============================================================
[2026-04-16 01:40:51] INFO - STEP 3b: CNN KERNEL SIZE ANALYSIS
[2026-04-16 01:40:51] INFO - ============================================================
[2026-04-16 01:41:05] INFO - 
############################################################
# DATASET: CROWDFLOWER
############################################################
[2026-04-16 01:41:05] INFO - 
>>> Kernels: (2, 3)
[2026-04-16 01:41:05] INFO -   --- Seed 42 ---
[2026-04-16 01:43:31] INFO -   --- Seed 123 ---
[2026-04-16 01:46:57] INFO -   --- Seed 456 ---
[2026-04-16 01:49:38] INFO -   kernels_(2,3): F1=0.3991±0.0040
[2026-04-16 01:49:38] INFO - 
>>> Kernels: (3, 4, 5)
[2026-04-16 01:49:38] INFO -   --- Seed 42 ---
[2026-04-16 09:30:32] INFO - ============================================================
[2026-04-16 09:30:38] INFO - STEP 3b: CNN KERNEL SIZE ANALYSIS
[2026-04-16 09:30:38] INFO - ============================================================
[2026-04-16 09:30:51] INFO - 
############################################################
# DATASET: CROWDFLOWER
############################################################
[2026-04-16 09:30:51] INFO - 
>>> Kernels: (2, 3)
[2026-04-16 09:30:51] INFO -   --- Seed 42 ---
[2026-04-16 09:33:24] INFO -   --- Seed 123 ---
[2026-04-16 09:36:51] INFO -   --- Seed 456 ---
[2026-04-16 09:39:33] INFO -   kernels_(2,3): F1=0.3991±0.0040
[2026-04-16 09:39:33] INFO - 
>>> Kernels: (3, 4, 5)
[2026-04-16 09:39:33] INFO -   --- Seed 42 ---
[2026-04-16 09:41:53] INFO -   --- Seed 123 ---
[2026-04-16 09:44:59] INFO -   --- Seed 456 ---
[2026-04-16 09:48:03] INFO -   kernels_(3,4,5): F1=0.4059±0.0073
[2026-04-16 09:48:03] INFO - 
>>> Kernels: (2, 3, 4, 5)
[2026-04-16 09:48:03] INFO -   --- Seed 42 ---
[2026-04-16 09:50:24] INFO -   --- Seed 123 ---
[2026-04-16 10:14:18] INFO - ============================================================
[2026-04-16 10:14:18] INFO - STEP 3b: CNN KERNEL SIZE ANALYSIS
[2026-04-16 10:14:18] INFO - ============================================================
[2026-04-16 10:14:31] INFO - 
############################################################
# DATASET: CROWDFLOWER
############################################################
[2026-04-16 10:14:31] INFO - 
>>> Kernels: (2, 3)
[2026-04-16 10:14:31] INFO -   --- Seed 42 ---
[2026-04-16 10:17:00] INFO -   --- Seed 123 ---
[2026-04-16 10:20:24] INFO -   --- Seed 456 ---
[2026-04-16 10:23:03] INFO -   kernels_(2,3): F1=0.3991±0.0040
[2026-04-16 10:23:03] INFO - 
>>> Kernels: (3, 4, 5)
[2026-04-16 10:23:03] INFO -   --- Seed 42 ---
[2026-04-16 10:25:22] INFO -   --- Seed 123 ---
[2026-04-16 10:28:29] INFO -   --- Seed 456 ---
[2026-04-16 10:31:33] INFO -   kernels_(3,4,5): F1=0.4059±0.0073
[2026-04-16 10:31:33] INFO - 
>>> Kernels: (2, 3, 4, 5)
[2026-04-16 10:31:33] INFO -   --- Seed 42 ---
[2026-04-16 10:33:55] INFO -   --- Seed 123 ---
[2026-04-16 10:37:05] INFO -   --- Seed 456 ---
[2026-04-16 10:39:27] INFO -   kernels_(2,3,4,5): F1=0.4010±0.0093
[2026-04-16 10:39:27] INFO - 
Saved: ./outputs/step3b_kernels_crowdflower.json
[2026-04-16 10:39:27] INFO - 
Kernel Analysis Summary — crowdflower:
[2026-04-16 10:39:27] INFO - Kernels                     Macro F1
[2026-04-16 10:39:27] INFO - -----------------------------------
[2026-04-16 10:39:28] INFO - (2,3,4) [default]    0.4059±0.0047
[2026-04-16 10:39:28] INFO - kernels_(2,3)        0.3991±0.0040
[2026-04-16 10:39:28] INFO - kernels_(3,4,5)      0.4059±0.0073
[2026-04-16 10:39:28] INFO - kernels_(2,3,4,5)    0.4010±0.0093
[2026-04-16 10:39:28] INFO - 
############################################################
# DATASET: WASSA2017
############################################################
[2026-04-16 10:39:28] INFO - 
>>> Kernels: (2, 3)
[2026-04-16 10:39:28] INFO -   --- Seed 42 ---
[2026-04-16 10:40:44] INFO -   --- Seed 123 ---
[2026-04-16 10:42:01] INFO -   --- Seed 456 ---
[2026-04-16 10:43:18] INFO -   kernels_(2,3): F1=0.8778±0.0059
[2026-04-16 10:43:18] INFO - 
>>> Kernels: (3, 4, 5)
[2026-04-16 10:43:18] INFO -   --- Seed 42 ---
[2026-04-16 10:44:36] INFO -   --- Seed 123 ---
[2026-04-16 10:45:56] INFO -   --- Seed 456 ---
[2026-04-16 10:47:14] INFO -   kernels_(3,4,5): F1=0.8697±0.0039
[2026-04-16 10:47:14] INFO - 
>>> Kernels: (2, 3, 4, 5)
[2026-04-16 10:47:14] INFO -   --- Seed 42 ---
[2026-04-16 10:48:35] INFO -   --- Seed 123 ---
[2026-04-16 10:49:56] INFO -   --- Seed 456 ---
[2026-04-16 10:51:10] INFO -   kernels_(2,3,4,5): F1=0.8761±0.0082
[2026-04-16 10:51:10] INFO - 
Saved: ./outputs/step3b_kernels_wassa2017.json
[2026-04-16 10:51:10] INFO - 
Kernel Analysis Summary — wassa2017:
[2026-04-16 10:51:10] INFO - Kernels                     Macro F1
[2026-04-16 10:51:10] INFO - -----------------------------------
[2026-04-16 10:51:10] INFO - (2,3,4) [default]    0.8746±0.0021
[2026-04-16 10:51:10] INFO - kernels_(2,3)        0.8778±0.0059
[2026-04-16 10:51:10] INFO - kernels_(3,4,5)      0.8697±0.0039
[2026-04-16 10:51:10] INFO - kernels_(2,3,4,5)    0.8761±0.0082
[2026-04-16 10:51:10] INFO - 
✅ Step 3b complete.
