[2026-04-16 01:15:43] INFO - ============================================================
[2026-04-16 01:15:43] INFO - STEP 3: ABLATION STUDY (Fusion Strategies)
[2026-04-16 01:15:43] INFO - ============================================================
[2026-04-16 01:15:56] INFO - 
############################################################
# DATASET: CROWDFLOWER
############################################################
[2026-04-16 01:15:56] INFO - 
>>> Fusion: concat
[2026-04-16 01:15:56] INFO -   --- Seed 42 ---
[2026-04-16 01:17:59] INFO -   --- Seed 123 ---
[2026-04-16 01:21:02] INFO -   --- Seed 456 ---
[2026-04-16 01:23:44] INFO -   dual_branch_concat: F1=0.4067±0.0022
[2026-04-16 01:23:44] INFO - 
>>> Fusion: average
[2026-04-16 01:23:44] INFO -   --- Seed 42 ---
[2026-04-16 01:26:04] INFO -   --- Seed 123 ---
[2026-04-16 01:28:45] INFO -   --- Seed 456 ---
[2026-04-16 01:32:14] INFO -   dual_branch_average: F1=0.3970±0.0117
[2026-04-16 01:32:14] INFO - 
Saved: ./outputs/step3_ablation_crowdflower.json
[2026-04-16 01:32:14] INFO - 
############################################################
# DATASET: WASSA2017
############################################################
[2026-04-16 01:32:14] INFO - 
>>> Fusion: concat
[2026-04-16 01:32:14] INFO -   --- Seed 42 ---
[2026-04-16 01:33:34] INFO -   --- Seed 123 ---
[2026-04-16 01:34:55] INFO -   --- Seed 456 ---
[2026-04-16 01:36:13] INFO -   dual_branch_concat: F1=0.8742±0.0051
[2026-04-16 01:36:13] INFO - 
>>> Fusion: average
[2026-04-16 01:36:13] INFO -   --- Seed 42 ---
[2026-04-16 01:37:26] INFO -   --- Seed 123 ---
[2026-04-16 01:38:46] INFO -   --- Seed 456 ---
[2026-04-16 01:40:05] INFO -   dual_branch_average: F1=0.8624±0.0102
[2026-04-16 01:40:05] INFO - 
Saved: ./outputs/step3_ablation_wassa2017.json
[2026-04-16 01:40:05] INFO - 
✅ Step 3 complete.
