[2026-04-16 00:26:26] INFO - ============================================================
[2026-04-16 00:26:26] INFO - STEP 2: BERT-BASED MODELS
[2026-04-16 00:26:26] INFO - Seeds: [42, 123, 456], Epochs: 15
[2026-04-16 00:26:26] INFO - ============================================================
[2026-04-16 00:26:40] INFO - 
############################################################
# DATASET: CROWDFLOWER — 6 classes
[2026-04-16 00:26:40] INFO - # ['happiness', 'love', 'neutral', 'sadness', 'surprise', 'worry']
############################################################
[2026-04-16 00:26:40] INFO - 
>>> vanilla_bert
[2026-04-16 00:26:40] INFO -   --- Seed 42 ---
[2026-04-16 00:29:37] INFO -   --- Seed 123 ---
[2026-04-16 00:32:04] INFO -   --- Seed 456 ---
[2026-04-16 00:34:52] INFO -   vanilla_bert: F1=0.4067±0.0078, Acc=0.4236
[2026-04-16 00:34:52] INFO - 
>>> bert_cnn_local
[2026-04-16 00:34:52] INFO -   --- Seed 42 ---
[2026-04-16 00:37:34] INFO -   --- Seed 123 ---
[2026-04-16 00:40:16] INFO -   --- Seed 456 ---
[2026-04-16 00:42:55] INFO -   bert_cnn_local: F1=0.3952±0.0053, Acc=0.4140
[2026-04-16 00:42:55] INFO - 
>>> bert_cls_global
[2026-04-16 00:42:55] INFO -   --- Seed 42 ---
[2026-04-16 00:45:54] INFO -   --- Seed 123 ---
[2026-04-16 00:49:16] INFO -   --- Seed 456 ---
[2026-04-16 00:51:31] INFO -   bert_cls_global: F1=0.4042±0.0070, Acc=0.4231
[2026-04-16 00:51:31] INFO - 
>>> dual_branch
[2026-04-16 00:51:31] INFO -   --- Seed 42 ---
[2026-04-16 00:53:58] INFO -   --- Seed 123 ---
[2026-04-16 00:56:50] INFO -   --- Seed 456 ---
[2026-04-16 00:59:41] INFO -   dual_branch: F1=0.4059±0.0047, Acc=0.4277
[2026-04-16 00:59:41] INFO - 
--- Error Analysis (dual_branch) ---
[2026-04-16 00:59:44] INFO - 
Saved: ./outputs/step2_bert_crowdflower.json
[2026-04-16 00:59:44] INFO - 
############################################################
# DATASET: WASSA2017 — 4 classes
[2026-04-16 00:59:44] INFO - # ['anger', 'fear', 'joy', 'sadness']
############################################################
[2026-04-16 00:59:44] INFO - 
>>> vanilla_bert
[2026-04-16 00:59:44] INFO -   --- Seed 42 ---
[2026-04-16 01:00:48] INFO -   --- Seed 123 ---
[2026-04-16 01:02:02] INFO -   --- Seed 456 ---
[2026-04-16 01:03:17] INFO -   vanilla_bert: F1=0.8507±0.0034, Acc=0.8514
[2026-04-16 01:03:17] INFO - 
>>> bert_cnn_local
[2026-04-16 01:03:17] INFO -   --- Seed 42 ---
[2026-04-16 01:04:36] INFO -   --- Seed 123 ---
[2026-04-16 01:05:54] INFO -   --- Seed 456 ---
[2026-04-16 01:07:12] INFO -   bert_cnn_local: F1=0.8709±0.0065, Acc=0.8717
[2026-04-16 01:07:12] INFO - 
>>> bert_cls_global
[2026-04-16 01:07:12] INFO -   --- Seed 42 ---
[2026-04-16 01:08:14] INFO -   --- Seed 123 ---
[2026-04-16 01:09:30] INFO -   --- Seed 456 ---
[2026-04-16 01:10:46] INFO -   bert_cls_global: F1=0.8349±0.0122, Acc=0.8374
[2026-04-16 01:10:46] INFO - 
>>> dual_branch
[2026-04-16 01:10:46] INFO -   --- Seed 42 ---
[2026-04-16 01:12:10] INFO -   --- Seed 123 ---
[2026-04-16 01:13:32] INFO -   --- Seed 456 ---
[2026-04-16 01:14:54] INFO -   dual_branch: F1=0.8746±0.0021, Acc=0.8760
[2026-04-16 01:14:54] INFO - 
--- Error Analysis (dual_branch) ---
[2026-04-16 01:14:55] INFO - 
Saved: ./outputs/step2_bert_wassa2017.json
[2026-04-16 01:14:55] INFO - 
============================================================
FINAL SUMMARY
============================================================
[2026-04-16 01:14:55] INFO - 
--- CROWDFLOWER ---
[2026-04-16 01:14:55] INFO - Model                            Macro F1        Accuracy
[2026-04-16 01:14:55] INFO - -------------------------------------------------------
[2026-04-16 01:14:55] INFO - vanilla_bert              0.4067±0.0078   0.4236±0.0063
[2026-04-16 01:14:55] INFO - bert_cnn_local            0.3952±0.0053   0.4140±0.0098
[2026-04-16 01:14:55] INFO - bert_cls_global           0.4042±0.0070   0.4231±0.0128
[2026-04-16 01:14:55] INFO - dual_branch               0.4059±0.0047   0.4277±0.0114
[2026-04-16 01:14:55] INFO - 
--- WASSA2017 ---
[2026-04-16 01:14:55] INFO - Model                            Macro F1        Accuracy
[2026-04-16 01:14:55] INFO - -------------------------------------------------------
[2026-04-16 01:14:55] INFO - vanilla_bert              0.8507±0.0034   0.8514±0.0038
[2026-04-16 01:14:55] INFO - bert_cnn_local            0.8709±0.0065   0.8717±0.0061
[2026-04-16 01:14:55] INFO - bert_cls_global           0.8349±0.0122   0.8374±0.0115
[2026-04-16 01:14:55] INFO - dual_branch               0.8746±0.0021   0.8760±0.0025
[2026-04-16 01:14:55] INFO - 
✅ Step 2 complete.
